c:\users\edi\source\repos\kedrte\kedrte\x64\release\vc143.pdb
c:\users\edi\source\repos\kedrte\kedrte\x64\release\memory.obj
c:\users\edi\source\repos\kedrte\kedrte\x64\release\main.obj
c:\users\edi\source\repos\kedrte\kedrte\x64\release\hook.obj
c:\users\edi\source\repos\kedrte\kedrte\x64\release\definitions.obj
c:\users\edi\source\repos\kedrte\x64\release\kedrte.sys
c:\users\edi\source\repos\kedrte\x64\release\kedrte.pdb
c:\users\edi\source\repos\kedrte\kedrte\x64\release\kedrte.inf
c:\users\edi\source\repos\kedrte\x64\release\kedrte.inf
c:\users\edi\source\repos\kedrte\kedrte\x64\release\kedrte.tlog\cl.command.1.tlog
c:\users\edi\source\repos\kedrte\kedrte\x64\release\kedrte.tlog\cl.items.tlog
c:\users\edi\source\repos\kedrte\kedrte\x64\release\kedrte.tlog\cl.read.1.tlog
c:\users\edi\source\repos\kedrte\kedrte\x64\release\kedrte.tlog\cl.write.1.tlog
c:\users\edi\source\repos\kedrte\kedrte\x64\release\kedrte.tlog\link.command.1.tlog
c:\users\edi\source\repos\kedrte\kedrte\x64\release\kedrte.tlog\link.read.1.tlog
c:\users\edi\source\repos\kedrte\kedrte\x64\release\kedrte.tlog\link.secondary.1.tlog
c:\users\edi\source\repos\kedrte\kedrte\x64\release\kedrte.tlog\link.write.1.tlog
c:\users\edi\source\repos\kedrte\kedrte\x64\release\kedrte.tlog\stampinf.command.1.tlog
c:\users\edi\source\repos\kedrte\kedrte\x64\release\kedrte.tlog\stampinf.read.1.tlog
c:\users\edi\source\repos\kedrte\kedrte\x64\release\kedrte.tlog\stampinf.write.1.tlog
