c:\users\edi\downloads\ssi-dev\ssi-dev\kedrte\x64\debug\vc143.pdb
c:\users\edi\downloads\ssi-dev\ssi-dev\kedrte\x64\debug\memory.obj
c:\users\edi\downloads\ssi-dev\ssi-dev\kedrte\x64\debug\main.obj
c:\users\edi\downloads\ssi-dev\ssi-dev\kedrte\x64\debug\hook.obj
c:\users\edi\downloads\ssi-dev\ssi-dev\kedrte\x64\debug\definitions.obj
c:\users\edi\downloads\ssi-dev\ssi-dev\x64\debug\kedrte.sys
c:\users\edi\downloads\ssi-dev\ssi-dev\x64\debug\kedrte.pdb
c:\users\edi\downloads\ssi-dev\ssi-dev\kedrte\x64\debug\kedrte.inf
c:\users\edi\downloads\ssi-dev\ssi-dev\x64\debug\kedrte.inf
c:\users\edi\downloads\ssi-dev\ssi-dev\kedrte\x64\debug\kedrte.tlog\cl.command.1.tlog
c:\users\edi\downloads\ssi-dev\ssi-dev\kedrte\x64\debug\kedrte.tlog\cl.items.tlog
c:\users\edi\downloads\ssi-dev\ssi-dev\kedrte\x64\debug\kedrte.tlog\cl.read.1.tlog
c:\users\edi\downloads\ssi-dev\ssi-dev\kedrte\x64\debug\kedrte.tlog\cl.write.1.tlog
c:\users\edi\downloads\ssi-dev\ssi-dev\kedrte\x64\debug\kedrte.tlog\link.command.1.tlog
c:\users\edi\downloads\ssi-dev\ssi-dev\kedrte\x64\debug\kedrte.tlog\link.read.1.tlog
c:\users\edi\downloads\ssi-dev\ssi-dev\kedrte\x64\debug\kedrte.tlog\link.secondary.1.tlog
c:\users\edi\downloads\ssi-dev\ssi-dev\kedrte\x64\debug\kedrte.tlog\link.write.1.tlog
c:\users\edi\downloads\ssi-dev\ssi-dev\kedrte\x64\debug\kedrte.tlog\stampinf.command.1.tlog
c:\users\edi\downloads\ssi-dev\ssi-dev\kedrte\x64\debug\kedrte.tlog\stampinf.read.1.tlog
c:\users\edi\downloads\ssi-dev\ssi-dev\kedrte\x64\debug\kedrte.tlog\stampinf.write.1.tlog
